C:\Program Files\Microsoft Visual Studio\2022\Community\MSBuild\Microsoft\VC\v170\Microsoft.CppBuild.targets(517,5): warning MSB8028: The intermediate directory (Release\) contains files shared from another project (cheat menu.vcxproj).  This can lead to incorrect clean and rebuild behavior.
  gui.cpp
  hacks.cpp
  main.cpp
  imgui.cpp
  imgui_demo.cpp
  imgui_draw.cpp
  imgui_impl_dx9.cpp
  imgui_impl_win32.cpp
  imgui_tables.cpp
  imgui_toggle.cpp
  imgui_toggle_palette.cpp
  imgui_toggle_presets.cpp
  imgui_toggle_renderer.cpp
  imgui_widgets.cpp
  Generating code
  Previous IPDB not found, fall back to full compilation.
  All 1691 functions were compiled because no usable IPDB/IOBJ from previous compilation was found.
  Finished generating code
  cheat menu.vcxproj -> C:\Users\PC\Desktop\cheat menu\cheat menu\Release\ShooterZ Menu.exe
